<?xml version="1.0" encoding="UTF-8"?>
<!-- Generated by org.testng.reporters.JUnitReportReporter -->
<testsuite hostname="jassmultani.local" failures="0" tests="1" name="test.TestNG_Demo" time="13.436" errors="0" timestamp="2024-12-10T14:08:54 EST" skipped="0">
  <testcase classname="test.TestNG_Demo" name="googleSearch" time="13.436"/>
</testsuite> <!-- test.TestNG_Demo -->
